2018-12-16 14:58:17,878 - DEBUG: 发送成功
LvLe
亲爱的LvLe，您本月的薪金明细如下：
粮期：12/1/2018~12/31/2018
标准工资：1.0
绩效工资：2.0
午膳津贴：3.0
供强基金：4.0
其他收入：5.0
扣病事假：6.0
实际发放：7.0
备注：备注8
2018-12-16 14:58:22,185 - DEBUG: 发送成功
LvLe
亲爱的LvLe，您本月的薪金明细如下：
粮期：12/1/2018~12/31/2018
标准工资：10.0
绩效工资：20.0
午膳津贴：30.0
供强基金：40.0
其他收入：50.0
扣病事假：60.0
实际发放：70.0
备注：备注9
2018-12-16 14:58:26,493 - DEBUG: 发送成功
LvLe
亲爱的LvLe，您本月的薪金明细如下：
粮期：12/1/2018~12/31/2018
标准工资：100.0
绩效工资：200.0
午膳津贴：300.0
供强基金：400.0
其他收入：500.0
扣病事假：600.0
实际发放：700.0
备注：备注10
2018-12-16 14:58:30,818 - DEBUG: 发送成功
LiHaiBin
亲爱的LiHaiBin，您本月的薪金明细如下：
粮期：12/1/2018~12/31/2018
标准工资：1000.0
绩效工资：2000.0
午膳津贴：300.0
供强基金：400.0
其他收入：500.0
扣病事假：600.0
实际发放：700.0
备注：备注10
2018-12-16 14:58:35,121 - DEBUG: 发送成功
ZengXiangMang
亲爱的ZengXiangMang，您本月的薪金明细如下：
粮期：12/1/2018~12/31/2018
标准工资：10000.0
绩效工资：20000.0
午膳津贴：300.0
供强基金：400.0
其他收入：500.0
扣病事假：600.0
实际发放：700.0
备注：备注10
